Configuring mwc-random-0.13.5.0...
Building mwc-random-0.13.5.0...
Preprocessing library mwc-random-0.13.5.0...
[1 of 3] Compiling System.Random.MWC ( System\Random\MWC.hs, .stack-work\dist\b7fec021\build\System\Random\MWC.o )

System\Random\MWC.hs:124:1: warning: [-Wunused-imports]
    The import of `IOMode, hGetBuf, withBinaryFile'
    from module `System.IO' is redundant

System\Random\MWC.hs:621:1: warning: [-Wredundant-constraints]
    * Redundant constraint: Bounded a
    * In the type signature for:
           uniformRange :: (PrimMonad m, Integral a, Bounded a, Variate a,
                            Integral (Unsigned a), Bounded (Unsigned a),
                            Variate (Unsigned a)) =>
                           (a, a) -> Gen (PrimState m) -> m a
[2 of 3] Compiling System.Random.MWC.Distributions ( System\Random\MWC\Distributions.hs, .stack-work\dist\b7fec021\build\System\Random\MWC\Distributions.o )
[3 of 3] Compiling System.Random.MWC.CondensedTable ( System\Random\MWC\CondensedTable.hs, .stack-work\dist\b7fec021\build\System\Random\MWC\CondensedTable.o )
[1 of 3] Compiling System.Random.MWC ( System\Random\MWC.hs, .stack-work\dist\b7fec021\build\System\Random\MWC.p_o )

System\Random\MWC.hs:124:1: warning: [-Wunused-imports]
    The import of `IOMode, hGetBuf, withBinaryFile'
    from module `System.IO' is redundant

System\Random\MWC.hs:621:1: warning: [-Wredundant-constraints]
    * Redundant constraint: Bounded a
    * In the type signature for:
           uniformRange :: (PrimMonad m, Integral a, Bounded a, Variate a,
                            Integral (Unsigned a), Bounded (Unsigned a),
                            Variate (Unsigned a)) =>
                           (a, a) -> Gen (PrimState m) -> m a
[2 of 3] Compiling System.Random.MWC.Distributions ( System\Random\MWC\Distributions.hs, .stack-work\dist\b7fec021\build\System\Random\MWC\Distributions.p_o )
[3 of 3] Compiling System.Random.MWC.CondensedTable ( System\Random\MWC\CondensedTable.hs, .stack-work\dist\b7fec021\build\System\Random\MWC\CondensedTable.p_o )
Installing library in
C:\sr\snapshots\4a5d830b\lib\x86_64-windows-ghc-8.0.1\mwc-random-0.13.5.0-LMmPnBqFcyXKNTZwO31mEb
Registering mwc-random-0.13.5.0...
